
=== Wed Oct 30 18:10:11 2019

Packages were changed.
Update Mode: mergeDefaultDependencies

The following packages were added:
  com.unity.package-manager-ui@2.2.0
  com.unity.ext.nunit@1.0.0
  com.unity.test-framework@1.0.13
  com.unity.ide.vscode@1.1.0
  com.unity.ide.rider@1.1.0
  com.unity.ugui@1.0.0
  com.unity.modules.androidjni@1.0.0
The following packages were updated:
  com.unity.collab-proxy from version 1.2.9 to 1.2.16
  com.unity.textmeshpro from version 2.0.0 to 2.0.1
  com.unity.timeline from version 0.0.0-builtin to 1.1.0

=== Wed Aug  5 16:12:09 2020

Packages were changed.
Update Mode: updateDependencies

The following packages were updated:
  com.unity.ide.rider from version 1.1.0 to 1.1.4
  com.unity.ide.vscode from version 1.1.0 to 1.2.0
  com.unity.test-framework from version 1.0.13 to 1.1.14
  com.unity.timeline from version 1.1.0 to 1.2.6
  com.unity.xr.arfoundation from version 2.1.4 to 2.1.8
  com.unity.xr.arkit from version 2.1.2 to 2.1.9
The following packages were removed:
  com.unity.package-manager-ui@2.2.0

=== Wed Dec 23 13:20:37 2020

Packages were changed.
Update Mode: updateDependencies

The following packages were updated:
  com.unity.ide.vscode from version 1.2.0 to 1.2.3
  com.unity.purchasing from version 2.0.6 to 2.1.1
  com.unity.test-framework from version 1.1.14 to 1.1.18
  com.unity.xr.arfoundation from version 2.1.8 to 2.1.10
  com.unity.xr.arkit from version 2.1.9 to 2.1.10

=== Thu Sep  2 10:15:28 2021

Packages were changed.
Update Mode: updateDependencies

The following packages were updated:
  com.unity.ext.nunit from version 1.0.0 to 1.0.6
  com.unity.purchasing from version 2.1.1 to 2.2.2
  com.unity.test-framework from version 1.1.18 to 1.1.22
  com.unity.timeline from version 1.2.6 to 1.2.18
  com.unity.xr.arfoundation from version 2.1.10 to 2.1.16
  com.unity.xr.arkit from version 2.1.10 to 2.1.16
